<?xml version="1.0" encoding="UTF-8"?>
<!-- Generated by org.testng.reporters.JUnitReportReporter -->
<testsuite skipped="0" hostname="DESKTOP-G1GANOT" name="title.AmazonHome" tests="1" failures="0" timestamp="13 Mar 2019 22:32:22 GMT" time="11.315" errors="0">
  <testcase name="test" time="11.315" classname="title.AmazonHome"/>
</testsuite> <!-- title.AmazonHome -->
